\BOOKMARK [1][-]{section.1}{\376\377\006\105\006\102\006\057\006\105\006\107}{}% 1
\BOOKMARK [2][-]{subsection.1.1}{\376\377\006\052\006\106\006\070\006\314\006\105\006\047\006\052\000\040\006\064\006\050\006\314\006\107\040\014\006\063\006\047\006\062\006\314}{section.1}% 2
\BOOKMARK [2][-]{subsection.1.2}{\376\377\006\063\006\047\006\056\006\052\006\047\006\061\000\040\006\176\006\061\006\110\006\230\006\107}{section.1}% 3
\BOOKMARK [1][-]{section.2}{\376\377\006\067\006\061\006\047\006\055\006\314\000\040\006\257\006\314\006\052\040\014\006\107\006\047\006\314\000\040\006\176\006\047\006\314\006\107}{}% 4
\BOOKMARK [2][-]{subsection.2.1}{\376\377\000\040\006\257\006\314\006\052\000\040\006\105\006\071\006\251\006\110\006\063\040\014\000\040\006\251\006\106\006\106\006\057\006\107\000\040\000N\000O\000T\000\050\000A\000\051\000\040\000=\000\040\000\040}{section.2}% 5
\BOOKMARK [3][-]{paragraph*.1}{\376\377\006\052\006\047\006\053\006\314\006\061\000\040\006\106\006\063\006\050\006\052\000\040\006\067\006\061\006\047\006\055\006\314}{subsection.2.1}% 6
\BOOKMARK [4][-]{paragraph*.2}{\376\377\006\052\006\047\006\053\006\314\006\061\000\040\006\057\006\105\006\047}{paragraph*.1}% 7
\BOOKMARK [4][-]{paragraph*.3}{\376\377\006\052\006\047\006\053\006\314\006\061\000\040\006\257\006\110\006\064\006\107\040\014\006\107\006\047\006\314\000\040\006\067\006\061\006\047\006\055\006\314}{paragraph*.1}% 8
\BOOKMARK [4][-]{paragraph*.4}{\376\377\006\257\006\062\006\047\006\061\006\064\000\040\006\071\006\057\006\057\006\314\000\040\006\052\006\047\006\056\006\314\006\061\040\014\006\107\006\047}{paragraph*.1}% 9
\BOOKMARK [4][-]{paragraph*.6}{\376\377\006\257\006\062\006\047\006\061\006\064\000\040\006\106\006\105\006\110\006\057\006\047\006\061\006\314\000\040\006\052\006\047\006\056\006\314\006\061\040\014\006\107\006\047}{paragraph*.1}% 10
\BOOKMARK [2][-]{subsection.2.2}{\376\377\000\040\006\257\006\314\006\052\000\040\000N\000A\000N\000D\000-\0002\000i\000n\000p\000u\000t\000\040}{section.2}% 11
\BOOKMARK [3][-]{paragraph*.7}{\376\377\006\257\006\062\006\047\006\061\006\064\000\040\006\071\006\057\006\057\006\314\000\040\006\052\006\047\006\056\006\314\006\061\040\014\006\107\006\047}{subsection.2.2}% 12
\BOOKMARK [4][-]{paragraph*.9}{\376\377\006\257\006\062\006\047\006\061\006\064\000\040\006\106\006\105\006\110\006\057\006\047\006\061\006\314\000\040\006\052\006\047\006\056\006\314\006\061\040\014\006\107\006\047}{paragraph*.7}% 13
\BOOKMARK [2][-]{subsection.2.3}{\376\377\000\040\006\257\006\314\006\052\000\040\000A\000N\000D\000-\0002\000i\000n\000p\000u\000t\000\040}{section.2}% 14
\BOOKMARK [3][-]{paragraph*.10}{\376\377\006\257\006\062\006\047\006\061\006\064\000\040\006\071\006\057\006\057\006\314\000\040\006\052\006\047\006\056\006\314\006\061\040\014\006\107\006\047}{subsection.2.3}% 15
\BOOKMARK [4][-]{paragraph*.12}{\376\377\006\257\006\062\006\047\006\061\006\064\000\040\006\106\006\105\006\110\006\057\006\047\006\061\006\314\000\040\006\052\006\047\006\056\006\314\006\061\040\014\006\107\006\047}{paragraph*.10}% 16
\BOOKMARK [2][-]{subsection.2.4}{\376\377\000\040\006\257\006\314\006\052\000\040\000N\000O\000R\000-\0002\000i\000n\000p\000u\000t\000\040}{section.2}% 17
\BOOKMARK [3][-]{paragraph*.13}{\376\377\006\257\006\062\006\047\006\061\006\064\000\040\006\071\006\057\006\057\006\314\000\040\006\052\006\047\006\056\006\314\006\061\040\014\006\107\006\047}{subsection.2.4}% 18
\BOOKMARK [4][-]{paragraph*.15}{\376\377\006\257\006\062\006\047\006\061\006\064\000\040\006\106\006\105\006\110\006\057\006\047\006\061\006\314\000\040\006\052\006\047\006\056\006\314\006\061\040\014\006\107\006\047}{paragraph*.13}% 19
\BOOKMARK [2][-]{subsection.2.5}{\376\377\000\040\006\257\006\314\006\052\000\040\000O\000R\000-\0002\000i\000n\000p\000u\000t\000\040}{section.2}% 20
\BOOKMARK [3][-]{paragraph*.16}{\376\377\006\257\006\062\006\047\006\061\006\064\000\040\006\071\006\057\006\057\006\314\000\040\006\052\006\047\006\056\006\314\006\061\040\014\006\107\006\047}{subsection.2.5}% 21
\BOOKMARK [4][-]{paragraph*.18}{\376\377\006\257\006\062\006\047\006\061\006\064\000\040\006\106\006\105\006\110\006\057\006\047\006\061\006\314\000\040\006\052\006\047\006\056\006\314\006\061\040\014\006\107\006\047}{paragraph*.16}% 22
\BOOKMARK [2][-]{subsection.2.6}{\376\377\000\040\006\257\006\314\006\052\000\040\000X\000O\000R\000-\0002\000i\000n\000p\000u\000t\000\040}{section.2}% 23
\BOOKMARK [3][-]{subsubsection.2.6.1}{\376\377\000\040\006\257\006\314\006\052\000\040\000X\000O\000R\000-\0002\000i\000n\000p\000u\000t\000\040\006\050\006\047\000\040\006\067\006\061\006\047\006\055\006\314\000\040\006\105\006\052\006\102\006\047\006\061\006\106\000\040}{subsection.2.6}% 24
\BOOKMARK [4][-]{paragraph*.19}{\376\377\006\257\006\062\006\047\006\061\006\064\000\040\006\071\006\057\006\057\006\314\000\040\006\052\006\047\006\056\006\314\006\061\040\014\006\107\006\047}{subsubsection.2.6.1}% 25
\BOOKMARK [4][-]{paragraph*.21}{\376\377\006\257\006\062\006\047\006\061\006\064\000\040\006\106\006\105\006\110\006\057\006\047\006\061\006\314\000\040\006\052\006\047\006\056\006\314\006\061\040\014\006\107\006\047}{subsubsection.2.6.1}% 26
\BOOKMARK [3][-]{subsubsection.2.6.2}{\376\377\000\040\006\257\006\314\006\052\000\040\000X\000O\000R\000-\0002\000i\000n\000p\000u\000t\000\040\006\050\006\047\000\040\006\067\006\061\006\047\006\055\006\314\000\040\006\047\006\063\006\052\006\047\006\106\006\057\006\047\006\061\006\057\000\040}{subsection.2.6}% 27
\BOOKMARK [4][-]{paragraph*.22}{\376\377\006\257\006\062\006\047\006\061\006\064\000\040\006\071\006\057\006\057\006\314\000\040\006\052\006\047\006\056\006\314\006\061\040\014\006\107\006\047}{subsubsection.2.6.2}% 28
\BOOKMARK [4][-]{paragraph*.24}{\376\377\006\257\006\062\006\047\006\061\006\064\000\040\006\106\006\105\006\110\006\057\006\047\006\061\006\314\000\040\006\052\006\047\006\056\006\314\006\061\040\014\006\107\006\047}{subsubsection.2.6.2}% 29
\BOOKMARK [3][-]{subsubsection.2.6.3}{\376\377\000\040\006\105\006\102\006\047\006\314\006\063\006\107\000\040\006\057\006\110\000\040\006\063\006\047\006\056\006\052\006\047\006\061\000\040\006\047\006\062\000\040\006\105\006\106\006\070\006\061\000\040\006\062\006\105\006\047\006\106\006\314\000\040}{subsection.2.6}% 30
\BOOKMARK [2][-]{subsection.2.7}{\376\377\000\040\006\257\006\314\006\052\000\040\000X\000N\000O\000R\000-\0002\000i\000n\000p\000u\000t\000\040}{section.2}% 31
\BOOKMARK [3][-]{subsubsection.2.7.1}{\376\377\000\040\006\257\006\314\006\052\000\040\000X\000N\000O\000R\000-\0002\000i\000n\000p\000u\000t\000\040\006\050\006\047\000\040\006\067\006\061\006\047\006\055\006\314\000\040\006\105\006\052\006\102\006\047\006\061\006\106\000\040}{subsection.2.7}% 32
\BOOKMARK [4][-]{paragraph*.25}{\376\377\006\257\006\062\006\047\006\061\006\064\000\040\006\071\006\057\006\057\006\314\000\040\006\052\006\047\006\056\006\314\006\061\040\014\006\107\006\047}{subsubsection.2.7.1}% 33
\BOOKMARK [4][-]{paragraph*.27}{\376\377\006\257\006\062\006\047\006\061\006\064\000\040\006\106\006\105\006\110\006\057\006\047\006\061\006\314\000\040\006\052\006\047\006\056\006\314\006\061\040\014\006\107\006\047}{subsubsection.2.7.1}% 34
\BOOKMARK [3][-]{subsubsection.2.7.2}{\376\377\000\040\006\257\006\314\006\052\000\040\000X\000N\000O\000R\000-\0002\000i\000n\000p\000u\000t\000\040\006\050\006\047\000\040\006\067\006\061\006\047\006\055\006\314\000\040\006\047\006\063\006\052\006\047\006\106\006\057\006\047\006\061\006\057\000\040}{subsection.2.7}% 35
\BOOKMARK [4][-]{paragraph*.28}{\376\377\006\257\006\062\006\047\006\061\006\064\000\040\006\071\006\057\006\057\006\314\000\040\006\052\006\047\006\056\006\314\006\061\040\014\006\107\006\047}{subsubsection.2.7.2}% 36
\BOOKMARK [4][-]{paragraph*.30}{\376\377\006\257\006\062\006\047\006\061\006\064\000\040\006\106\006\105\006\110\006\057\006\047\006\061\006\314\000\040\006\052\006\047\006\056\006\314\006\061\040\014\006\107\006\047}{subsubsection.2.7.2}% 37
\BOOKMARK [3][-]{subsubsection.2.7.3}{\376\377\000\040\006\105\006\102\006\047\006\314\006\063\006\107\000\040\006\057\006\110\000\040\006\063\006\047\006\056\006\052\006\047\006\061\000\040\006\047\006\062\000\040\006\105\006\106\006\070\006\061\000\040\006\062\006\105\006\047\006\106\006\314\000\040}{subsection.2.7}% 38
\BOOKMARK [2][-]{subsection.2.8}{\376\377\000\040\006\257\006\314\006\052\000\040\000M\000U\000X\0002\000:\0001\000\040}{section.2}% 39
\BOOKMARK [3][-]{paragraph*.31}{\376\377\006\257\006\062\006\047\006\061\006\064\000\040\006\071\006\057\006\057\006\314\000\040\006\052\006\047\006\056\006\314\006\061\040\014\006\107\006\047}{subsection.2.8}% 40
\BOOKMARK [4][-]{paragraph*.33}{\376\377\006\257\006\062\006\047\006\061\006\064\000\040\006\106\006\105\006\110\006\057\006\047\006\061\006\314\000\040\006\052\006\047\006\056\006\314\006\061\040\014\006\107\006\047}{paragraph*.31}% 41
\BOOKMARK [1][-]{section.3}{\376\377\006\067\006\061\006\047\006\055\006\314\000\040\006\257\006\314\006\052\040\014\006\107\006\047\006\314\000\040\006\054\006\105\006\071\040\014\006\251\006\106\006\106\006\057\006\107\000\040\006\251\006\047\006\105\006\104}{}% 42
\BOOKMARK [2][-]{subsection.3.1}{\376\377\000\040\006\067\006\061\006\047\006\055\006\314\000\040\000G\000a\000t\000e\000-\000L\000e\000v\000e\000l\000\040}{section.3}% 43
\BOOKMARK [2][-]{subsection.3.2}{\376\377\000\040\006\067\006\061\006\047\006\055\006\314\000\040\000N\000A\000N\000D\000\040\000B\000a\000s\000e\000d\000\040}{section.3}% 44
\BOOKMARK [3][-]{subsubsection.3.2.1}{\376\377\000\040\006\257\006\314\006\052\000\040\000X\000N\000A\000N\000D\000\040}{subsection.3.2}% 45
\BOOKMARK [2][-]{subsection.3.3}{\376\377\006\105\006\102\006\047\006\314\006\063\006\107\000\040\006\047\006\106\006\110\006\047\006\071\000\040\006\067\006\061\006\047\006\055\006\314\040\014\006\107\006\047}{section.3}% 46
\BOOKMARK [1][-]{section.4}{\376\377\000\040\006\054\006\105\006\071\040\014\006\251\006\106\006\106\006\057\006\107\040\014\006\107\006\047\006\314\000\040\006\050\006\314\006\052\000\040\006\106\006\102\006\104\006\314\000\040\006\042\006\050\006\064\006\047\006\061\006\314\000\040\000\040\000R\000i\000p\000p\000l\000e\000\040\000C\000a\000r\000r\000y\000\040\000A\000d\000d\000e\000r\000\040\000\050\000R\000C\000A\000\051}{}% 47
